{"C:\\Users\\huber\\OneDrive\\Pulpit\\4 semestr\\Programowanie aplikacji webowych\\Laboratorium\\Lab 4, 5 i 6\\index.ts": {"path":"C:\\Users\\huber\\OneDrive\\Pulpit\\4 semestr\\Programowanie aplikacji webowych\\Laboratorium\\Lab 4, 5 i 6\\index.ts","statementMap":{"0":{"start":{"line":3,"column":4},"end":{"line":5,"column":5}},"1":{"start":{"line":4,"column":6},"end":{"line":4,"column":15}},"2":{"start":{"line":6,"column":4},"end":{"line":8,"column":5}},"3":{"start":{"line":7,"column":6},"end":{"line":7,"column":15}},"4":{"start":{"line":9,"column":4},"end":{"line":9,"column":57}}},"fnMap":{"0":{"name":"(anonymous_0)","decl":{"start":{"line":2,"column":2},"end":{"line":2,"column":3}},"loc":{"start":{"line":2,"column":31},"end":{"line":10,"column":3}},"line":2}},"branchMap":{"0":{"loc":{"start":{"line":3,"column":4},"end":{"line":5,"column":5}},"type":"if","locations":[{"start":{"line":3,"column":4},"end":{"line":5,"column":5}},{"start":{"line":3,"column":4},"end":{"line":5,"column":5}}],"line":3},"1":{"loc":{"start":{"line":6,"column":4},"end":{"line":8,"column":5}},"type":"if","locations":[{"start":{"line":6,"column":4},"end":{"line":8,"column":5}},{"start":{"line":6,"column":4},"end":{"line":8,"column":5}}],"line":6}},"s":{"0":27,"1":6,"2":21,"3":9,"4":12},"f":{"0":27},"b":{"0":[6,21],"1":[9,12]},"_coverageSchema":"1a1c01bbd47fc00a2c39e90264f33305004495a9","hash":"6f814b0d1dbd8e64bc63e876e5a8a1d88ae8669c"}
}
